  317036211_REPORTE9_GPO12.cpp
C:\Users\ALAN\Documents\317036211_PRACTICA9_GRUPO12\practica9\practica9\317036211_REPORTE9_GPO12.cpp(206,24): warning C4244: 'inicializando': conversión de 'double' a 'GLfloat'; posible pérdida de datos
C:\Users\ALAN\Documents\317036211_PRACTICA9_GRUPO12\practica9\practica9\317036211_REPORTE9_GPO12.cpp(241,20): warning C4244: '=': conversión de 'double' a 'T'; posible pérdida de datos
          with
          [
              T=float
          ]
C:\Users\ALAN\Documents\317036211_PRACTICA9_GRUPO12\practica9\practica9\317036211_REPORTE9_GPO12.cpp(242,20): warning C4244: '=': conversión de 'double' a 'T'; posible pérdida de datos
          with
          [
              T=float
          ]
C:\Users\ALAN\Documents\317036211_PRACTICA9_GRUPO12\practica9\practica9\317036211_REPORTE9_GPO12.cpp(243,20): warning C4244: '=': conversión de 'double' a 'T'; posible pérdida de datos
          with
          [
              T=float
          ]
C:\Users\ALAN\Documents\317036211_PRACTICA9_GRUPO12\practica9\practica9\317036211_REPORTE9_GPO12.cpp(334,26): warning C4244: '=': conversión de 'double' a 'float'; posible pérdida de datos
C:\Users\ALAN\Documents\317036211_PRACTICA9_GRUPO12\practica9\practica9\317036211_REPORTE9_GPO12.cpp(501,11): warning C4244: '=': conversión de 'double' a 'GLfloat'; posible pérdida de datos
C:\Users\ALAN\Documents\317036211_PRACTICA9_GRUPO12\practica9\practica9\317036211_REPORTE9_GPO12.cpp(502,11): warning C4244: '=': conversión de 'double' a 'GLfloat'; posible pérdida de datos
C:\Users\ALAN\Documents\317036211_PRACTICA9_GRUPO12\practica9\practica9\317036211_REPORTE9_GPO12.cpp(506,18): warning C4244: 'inicializando': conversión de 'double' a 'GLfloat'; posible pérdida de datos
C:\Users\ALAN\Documents\317036211_PRACTICA9_GRUPO12\practica9\practica9\317036211_REPORTE9_GPO12.cpp(507,18): warning C4244: 'inicializando': conversión de 'double' a 'GLfloat'; posible pérdida de datos
C:\Users\ALAN\Documents\317036211_PRACTICA9_GRUPO12\practica9\practica9\317036211_REPORTE9_GPO12.cpp(509,10): warning C4244: '=': conversión de 'double' a 'GLfloat'; posible pérdida de datos
C:\Users\ALAN\Documents\317036211_PRACTICA9_GRUPO12\practica9\practica9\317036211_REPORTE9_GPO12.cpp(510,10): warning C4244: '=': conversión de 'double' a 'GLfloat'; posible pérdida de datos
LINK : warning LNK4098: la biblioteca predeterminada'MSVCRT' entra en conflicto con otras bibliotecas; use la biblioteca /NODEFAULTLIB:biblioteca
soil2-debug.lib(etc1_utils.obj) : warning LNK4099: no se encontró PDB '' con 'soil2-debug.lib(etc1_utils.obj)' o en ''; se vinculará el objeto sin tener en cuenta información de depuración
soil2-debug.lib(image_DXT.obj) : warning LNK4099: no se encontró PDB '' con 'soil2-debug.lib(image_DXT.obj)' o en ''; se vinculará el objeto sin tener en cuenta información de depuración
soil2-debug.lib(image_helper.obj) : warning LNK4099: no se encontró PDB '' con 'soil2-debug.lib(image_helper.obj)' o en ''; se vinculará el objeto sin tener en cuenta información de depuración
soil2-debug.lib(SOIL2.obj) : warning LNK4099: no se encontró PDB '' con 'soil2-debug.lib(SOIL2.obj)' o en ''; se vinculará el objeto sin tener en cuenta información de depuración
  practica9.vcxproj -> C:\Users\ALAN\Documents\317036211_PRACTICA9_GRUPO12\practica9\Debug\practica9.exe
